<?xml version="1.0" encoding="UTF-8"?>
<robot generator="Robot 7.3.2 (Python 3.13.9 on win32)" generated="2025-10-29T16:03:06.327686" rpa="false" schemaversion="5">
<suite id="s1" name="Login" source="c:\Users\Arthur\Documents\pucpr\4periodo\veriVal\chamuze-robot\cadastro\login.robot">
<test id="s1-t1" name="CT1- login válido como prestador" line="9">
<kw name="Abrir navegador" owner="login_resources" type="SETUP">
<kw name="Open Browser" owner="SeleniumLibrary">
<msg time="2025-10-29T16:03:06.848679" level="INFO">Opening browser 'Chrome' to base url 'http://localhost/chamuze/PROJETO/cadastro.php?tipo_perfil=prestador'.</msg>
<arg>${URL_CADASTRO}</arg>
<arg>${Browser}</arg>
<doc>Opens a new browser instance to the optional ``url``.</doc>
<status status="PASS" start="2025-10-29T16:03:06.848153" elapsed="1.997083"/>
</kw>
<kw name="Maximize Browser Window" owner="SeleniumLibrary">
<doc>Maximizes current browser window.</doc>
<status status="PASS" start="2025-10-29T16:03:08.845639" elapsed="0.068014"/>
</kw>
<status status="PASS" start="2025-10-29T16:03:06.847093" elapsed="2.066851"/>
</kw>
<kw name="Acessar pagina login" owner="login_resources">
<kw name="Go To" owner="SeleniumLibrary">
<msg time="2025-10-29T16:03:08.918757" level="INFO">Opening url 'http://localhost/chamuze/PROJETO/login.php'</msg>
<arg>${URL}</arg>
<doc>Navigates the current browser window to the provided ``url``.</doc>
<status status="PASS" start="2025-10-29T16:03:08.917891" elapsed="0.100555"/>
</kw>
<kw name="Wait Until Page Contains Element" owner="SeleniumLibrary">
<arg>${CAMPO_EMAIL}</arg>
<arg>timeout=10s</arg>
<doc>Waits until the element ``locator`` appears on the current page.</doc>
<status status="PASS" start="2025-10-29T16:03:09.018771" elapsed="0.025575"/>
</kw>
<status status="PASS" start="2025-10-29T16:03:08.916666" elapsed="0.127978"/>
</kw>
<kw name="Realizar login valido prestador" owner="login_resources">
<kw name="Input Text" owner="SeleniumLibrary">
<msg time="2025-10-29T16:03:09.046377" level="INFO">Typing text 'prestador@teste.com' into text field 'name:email'.</msg>
<arg>${CAMPO_EMAIL}</arg>
<arg>prestador@teste.com</arg>
<doc>Types the given ``text`` into the text field identified by ``locator``.</doc>
<status status="PASS" start="2025-10-29T16:03:09.045999" elapsed="0.142163"/>
</kw>
<kw name="Input Text" owner="SeleniumLibrary">
<msg time="2025-10-29T16:03:09.188951" level="INFO">Typing text '123' into text field 'name:senha'.</msg>
<arg>${CAMPO_SENHA}</arg>
<arg>123</arg>
<doc>Types the given ``text`` into the text field identified by ``locator``.</doc>
<status status="PASS" start="2025-10-29T16:03:09.188586" elapsed="0.083237"/>
</kw>
<kw name="Click Element" owner="SeleniumLibrary">
<msg time="2025-10-29T16:03:09.272546" level="INFO">Clicking element 'name:btn_login'.</msg>
<arg>${BOTAO_LOGIN}</arg>
<doc>Click the element identified by ``locator``.</doc>
<status status="PASS" start="2025-10-29T16:03:09.272150" elapsed="0.452130"/>
</kw>
<kw name="Wait Until Page Contains" owner="SeleniumLibrary">
<arg>${TEXTO_SUCESSO_LOGIN}</arg>
<arg>timeout=20s</arg>
<doc>Waits until ``text`` appears on the current page.</doc>
<status status="PASS" start="2025-10-29T16:03:09.724572" elapsed="0.038522"/>
</kw>
<status status="PASS" start="2025-10-29T16:03:09.045536" elapsed="0.717785"/>
</kw>
<kw name="Fechar o navegador" owner="login_resources" type="TEARDOWN">
<kw name="Capture Page Screenshot" owner="SeleniumLibrary">
<msg time="2025-10-29T16:03:09.899737" level="INFO" html="true">&lt;/td&gt;&lt;/tr&gt;&lt;tr&gt;&lt;td colspan="3"&gt;&lt;a href="selenium-screenshot-1.png"&gt;&lt;img src="selenium-screenshot-1.png" width="800px"&gt;&lt;/a&gt;</msg>
<doc>Takes a screenshot of the current page and embeds it into a log file.</doc>
<status status="PASS" start="2025-10-29T16:03:09.764426" elapsed="0.135595"/>
</kw>
<kw name="Close Browser" owner="SeleniumLibrary">
<doc>Closes the current browser.</doc>
<status status="PASS" start="2025-10-29T16:03:09.900246" elapsed="2.251693"/>
</kw>
<status status="PASS" start="2025-10-29T16:03:09.763992" elapsed="2.388193"/>
</kw>
<status status="PASS" start="2025-10-29T16:03:06.845650" elapsed="5.306946"/>
</test>
<status status="PASS" start="2025-10-29T16:03:06.335034" elapsed="5.818811"/>
</suite>
<statistics>
<total>
<stat pass="1" fail="0" skip="0">All Tests</stat>
</total>
<tag>
</tag>
<suite>
<stat name="Login" id="s1" pass="1" fail="0" skip="0">Login</stat>
</suite>
</statistics>
<errors>
</errors>
</robot>
