<?xml version="1.0" encoding="UTF-8"?>
<robot generator="Robot 7.3.2 (Python 3.12.2 on win32)" generated="2025-11-02T19:13:59.527871" rpa="false" schemaversion="5">
<suite id="s1" name="ServicosView" source="c:\Users\marci\OneDrive\Área de Trabalho\Rafael\ServicosView.robot">
<kw name="Configurar Suite" type="SETUP">
<kw name="Log" owner="BuiltIn">
<msg time="2025-11-02T19:14:00.017489" level="INFO">Criando estrutura de diretórios para evidências</msg>
<arg>Criando estrutura de diretórios para evidências</arg>
<arg>INFO</arg>
<doc>Logs the given message with the given level.</doc>
<status status="PASS" start="2025-11-02T19:14:00.017489" elapsed="0.000000"/>
</kw>
<kw name="Criar Diretorio Se Nao Existir">
<kw name="Run Keyword And Return Status" owner="BuiltIn">
<kw name="Directory Should Exist" owner="OperatingSystem">
<msg time="2025-11-02T19:14:00.017489" level="INFO" html="true">Directory '&lt;a href="file://C:\Users\marci\OneDrive\Área de Trabalho\Rafael\Evidencias"&gt;C:\Users\marci\OneDrive\Área de Trabalho\Rafael\Evidencias&lt;/a&gt;' exists.</msg>
<arg>${diretorio}</arg>
<doc>Fails unless the given path points to an existing directory.</doc>
<status status="PASS" start="2025-11-02T19:14:00.017489" elapsed="0.000000"/>
</kw>
<msg time="2025-11-02T19:14:00.032455" level="INFO">${existe} = True</msg>
<var>${existe}</var>
<arg>Directory Should Exist</arg>
<arg>${diretorio}</arg>
<doc>Runs the given keyword with given arguments and returns the status as a Boolean value.</doc>
<status status="PASS" start="2025-11-02T19:14:00.017489" elapsed="0.014966"/>
</kw>
<kw name="Run Keyword If" owner="BuiltIn">
<arg>not ${existe}</arg>
<arg>Create Directory</arg>
<arg>${diretorio}</arg>
<doc>Runs the given keyword with the given arguments, if ``condition`` is true.</doc>
<status status="PASS" start="2025-11-02T19:14:00.032455" elapsed="0.001684"/>
</kw>
<kw name="Log" owner="BuiltIn">
<arg>Diretório verificado/criado: ${diretorio}</arg>
<arg>DEBUG</arg>
<doc>Logs the given message with the given level.</doc>
<status status="PASS" start="2025-11-02T19:14:00.034139" elapsed="0.000000"/>
</kw>
<arg>${DIR_EVIDENCIAS}</arg>
<doc>Verifica se o diretório existe, caso contrário, cria</doc>
<status status="PASS" start="2025-11-02T19:14:00.017489" elapsed="0.016650"/>
</kw>
<kw name="Criar Diretorio Se Nao Existir">
<kw name="Run Keyword And Return Status" owner="BuiltIn">
<kw name="Directory Should Exist" owner="OperatingSystem">
<msg time="2025-11-02T19:14:00.034139" level="INFO" html="true">Directory '&lt;a href="file://C:\Users\marci\OneDrive\Área de Trabalho\Rafael\Evidencias\selecionar_servico"&gt;C:\Users\marci\OneDrive\Área de Trabalho\Rafael\Evidencias\selecionar_servico&lt;/a&gt;' exists.</msg>
<arg>${diretorio}</arg>
<doc>Fails unless the given path points to an existing directory.</doc>
<status status="PASS" start="2025-11-02T19:14:00.034139" elapsed="0.003567"/>
</kw>
<msg time="2025-11-02T19:14:00.038023" level="INFO">${existe} = True</msg>
<var>${existe}</var>
<arg>Directory Should Exist</arg>
<arg>${diretorio}</arg>
<doc>Runs the given keyword with given arguments and returns the status as a Boolean value.</doc>
<status status="PASS" start="2025-11-02T19:14:00.034139" elapsed="0.003884"/>
</kw>
<kw name="Run Keyword If" owner="BuiltIn">
<arg>not ${existe}</arg>
<arg>Create Directory</arg>
<arg>${diretorio}</arg>
<doc>Runs the given keyword with the given arguments, if ``condition`` is true.</doc>
<status status="PASS" start="2025-11-02T19:14:00.038365" elapsed="0.000000"/>
</kw>
<kw name="Log" owner="BuiltIn">
<arg>Diretório verificado/criado: ${diretorio}</arg>
<arg>DEBUG</arg>
<doc>Logs the given message with the given level.</doc>
<status status="PASS" start="2025-11-02T19:14:00.038779" elapsed="0.000320"/>
</kw>
<arg>${DIR_SELECIONAR_SERVICO}</arg>
<doc>Verifica se o diretório existe, caso contrário, cria</doc>
<status status="PASS" start="2025-11-02T19:14:00.034139" elapsed="0.004960"/>
</kw>
<kw name="Criar Diretorio Se Nao Existir">
<kw name="Run Keyword And Return Status" owner="BuiltIn">
<kw name="Directory Should Exist" owner="OperatingSystem">
<msg time="2025-11-02T19:14:00.040359" level="INFO" html="true">Directory '&lt;a href="file://C:\Users\marci\OneDrive\Área de Trabalho\Rafael\Evidencias\aceitar_servico"&gt;C:\Users\marci\OneDrive\Área de Trabalho\Rafael\Evidencias\aceitar_servico&lt;/a&gt;' exists.</msg>
<arg>${diretorio}</arg>
<doc>Fails unless the given path points to an existing directory.</doc>
<status status="PASS" start="2025-11-02T19:14:00.039489" elapsed="0.000870"/>
</kw>
<msg time="2025-11-02T19:14:00.040359" level="INFO">${existe} = True</msg>
<var>${existe}</var>
<arg>Directory Should Exist</arg>
<arg>${diretorio}</arg>
<doc>Runs the given keyword with given arguments and returns the status as a Boolean value.</doc>
<status status="PASS" start="2025-11-02T19:14:00.039489" elapsed="0.000870"/>
</kw>
<kw name="Run Keyword If" owner="BuiltIn">
<arg>not ${existe}</arg>
<arg>Create Directory</arg>
<arg>${diretorio}</arg>
<doc>Runs the given keyword with the given arguments, if ``condition`` is true.</doc>
<status status="PASS" start="2025-11-02T19:14:00.040869" elapsed="0.000000"/>
</kw>
<kw name="Log" owner="BuiltIn">
<arg>Diretório verificado/criado: ${diretorio}</arg>
<arg>DEBUG</arg>
<doc>Logs the given message with the given level.</doc>
<status status="PASS" start="2025-11-02T19:14:00.040869" elapsed="0.000000"/>
</kw>
<arg>${DIR_ACEITAR_SERVICO}</arg>
<doc>Verifica se o diretório existe, caso contrário, cria</doc>
<status status="PASS" start="2025-11-02T19:14:00.039099" elapsed="0.002876"/>
</kw>
<kw name="Criar Diretorio Se Nao Existir">
<kw name="Run Keyword And Return Status" owner="BuiltIn">
<kw name="Directory Should Exist" owner="OperatingSystem">
<msg time="2025-11-02T19:14:00.041975" level="INFO" html="true">Directory '&lt;a href="file://C:\Users\marci\OneDrive\Área de Trabalho\Rafael\Evidencias\visualizar_solicitante"&gt;C:\Users\marci\OneDrive\Área de Trabalho\Rafael\Evidencias\visualizar_solicitante&lt;/a&gt;' exists.</msg>
<arg>${diretorio}</arg>
<doc>Fails unless the given path points to an existing directory.</doc>
<status status="PASS" start="2025-11-02T19:14:00.041975" elapsed="0.000000"/>
</kw>
<msg time="2025-11-02T19:14:00.041975" level="INFO">${existe} = True</msg>
<var>${existe}</var>
<arg>Directory Should Exist</arg>
<arg>${diretorio}</arg>
<doc>Runs the given keyword with given arguments and returns the status as a Boolean value.</doc>
<status status="PASS" start="2025-11-02T19:14:00.041975" elapsed="0.000000"/>
</kw>
<kw name="Run Keyword If" owner="BuiltIn">
<arg>not ${existe}</arg>
<arg>Create Directory</arg>
<arg>${diretorio}</arg>
<doc>Runs the given keyword with the given arguments, if ``condition`` is true.</doc>
<status status="PASS" start="2025-11-02T19:14:00.041975" elapsed="0.000000"/>
</kw>
<kw name="Log" owner="BuiltIn">
<arg>Diretório verificado/criado: ${diretorio}</arg>
<arg>DEBUG</arg>
<doc>Logs the given message with the given level.</doc>
<status status="PASS" start="2025-11-02T19:14:00.041975" elapsed="0.000000"/>
</kw>
<arg>${DIR_VISUALIZAR_SOLICITANTE}</arg>
<doc>Verifica se o diretório existe, caso contrário, cria</doc>
<status status="PASS" start="2025-11-02T19:14:00.041975" elapsed="0.000000"/>
</kw>
<kw name="Criar Diretorio Se Nao Existir">
<kw name="Run Keyword And Return Status" owner="BuiltIn">
<kw name="Directory Should Exist" owner="OperatingSystem">
<msg time="2025-11-02T19:14:00.041975" level="INFO" html="true">Directory '&lt;a href="file://C:\Users\marci\OneDrive\Área de Trabalho\Rafael\Evidencias\enviar_proposta"&gt;C:\Users\marci\OneDrive\Área de Trabalho\Rafael\Evidencias\enviar_proposta&lt;/a&gt;' exists.</msg>
<arg>${diretorio}</arg>
<doc>Fails unless the given path points to an existing directory.</doc>
<status status="PASS" start="2025-11-02T19:14:00.041975" elapsed="0.000000"/>
</kw>
<msg time="2025-11-02T19:14:00.041975" level="INFO">${existe} = True</msg>
<var>${existe}</var>
<arg>Directory Should Exist</arg>
<arg>${diretorio}</arg>
<doc>Runs the given keyword with given arguments and returns the status as a Boolean value.</doc>
<status status="PASS" start="2025-11-02T19:14:00.041975" elapsed="0.000000"/>
</kw>
<kw name="Run Keyword If" owner="BuiltIn">
<arg>not ${existe}</arg>
<arg>Create Directory</arg>
<arg>${diretorio}</arg>
<doc>Runs the given keyword with the given arguments, if ``condition`` is true.</doc>
<status status="PASS" start="2025-11-02T19:14:00.041975" elapsed="0.000000"/>
</kw>
<kw name="Log" owner="BuiltIn">
<arg>Diretório verificado/criado: ${diretorio}</arg>
<arg>DEBUG</arg>
<doc>Logs the given message with the given level.</doc>
<status status="PASS" start="2025-11-02T19:14:00.041975" elapsed="0.000000"/>
</kw>
<arg>${DIR_ENVIAR_PROPOSTA}</arg>
<doc>Verifica se o diretório existe, caso contrário, cria</doc>
<status status="PASS" start="2025-11-02T19:14:00.041975" elapsed="0.000000"/>
</kw>
<doc>Cria estrutura de diretórios para evidências</doc>
<status status="PASS" start="2025-11-02T19:14:00.017489" elapsed="0.024486"/>
</kw>
<test id="s1-t1" name="CT02 - Visualizar Perfil Do Solicitante" line="256">
<kw name="Iniciar Browser" type="SETUP">
<kw name="Log" owner="BuiltIn">
<msg time="2025-11-02T19:14:00.041975" level="INFO">Iniciando browser Chrome</msg>
<arg>Iniciando browser ${BROWSER}</arg>
<arg>INFO</arg>
<doc>Logs the given message with the given level.</doc>
<status status="PASS" start="2025-11-02T19:14:00.041975" elapsed="0.000000"/>
</kw>
<kw name="Open Browser" owner="SeleniumLibrary">
<msg time="2025-11-02T19:14:00.050226" level="INFO">Opening browser 'Chrome' to base url 'http://localhost/ChamuZe/PROJETO/login.php'.</msg>
<arg>${URL_LOGIN}</arg>
<arg>${BROWSER}</arg>
<doc>Opens a new browser instance to the optional ``url``.</doc>
<status status="PASS" start="2025-11-02T19:14:00.050226" elapsed="6.728428"/>
</kw>
<kw name="Maximize Browser Window" owner="SeleniumLibrary">
<doc>Maximizes current browser window.</doc>
<status status="PASS" start="2025-11-02T19:14:06.778654" elapsed="0.058780"/>
</kw>
<kw name="Set Selenium Timeout" owner="SeleniumLibrary">
<arg>${TIMEOUT_DEFAULT}</arg>
<doc>Sets the timeout that is used by various keywords.</doc>
<status status="PASS" start="2025-11-02T19:14:06.837434" elapsed="0.000000"/>
</kw>
<kw name="Set Selenium Speed" owner="SeleniumLibrary">
<arg>${SELENIUM_SPEED}</arg>
<doc>Sets the delay that is waited after each Selenium command.</doc>
<status status="PASS" start="2025-11-02T19:14:06.837434" elapsed="0.000000"/>
</kw>
<doc>Abre o browser e configura parâmetros</doc>
<status status="PASS" start="2025-11-02T19:14:00.041975" elapsed="6.808490"/>
</kw>
<kw name="Log" owner="BuiltIn">
<msg time="2025-11-02T19:14:06.850465" level="INFO">Iniciando CT02 - Visualizar Perfil Do Solicitante</msg>
<arg>Iniciando CT02 - Visualizar Perfil Do Solicitante</arg>
<arg>INFO</arg>
<doc>Logs the given message with the given level.</doc>
<status status="PASS" start="2025-11-02T19:14:06.850465" elapsed="0.000000"/>
</kw>
<kw name="Realizar Login Como Prestador">
<kw name="Log" owner="BuiltIn">
<msg time="2025-11-02T19:14:06.853364" level="INFO">Realizando login como prestador</msg>
<arg>Realizando login como prestador</arg>
<arg>INFO</arg>
<doc>Logs the given message with the given level.</doc>
<status status="PASS" start="2025-11-02T19:14:06.853364" elapsed="0.000000"/>
</kw>
<kw name="Set Screenshot Directory" owner="SeleniumLibrary">
<arg>${diretorio_evidencia}</arg>
<doc>Sets the directory for captured screenshots.</doc>
<status status="PASS" start="2025-11-02T19:14:06.853364" elapsed="0.000000"/>
</kw>
<kw name="Wait Until Element Is Visible" owner="SeleniumLibrary">
<arg>${LOC_CAMPO_EMAIL}</arg>
<arg>timeout=${TIMEOUT_DEFAULT}</arg>
<doc>Waits until the element ``locator`` is visible.</doc>
<status status="PASS" start="2025-11-02T19:14:06.853364" elapsed="0.455074"/>
</kw>
<kw name="Input Text" owner="SeleniumLibrary">
<msg time="2025-11-02T19:14:07.308438" level="INFO">Typing text 'prestador@gmail.com' into text field 'id:email'.</msg>
<arg>${LOC_CAMPO_EMAIL}</arg>
<arg>${EMAIL_PRESTADOR}</arg>
<doc>Types the given ``text`` into the text field identified by ``locator``.</doc>
<status status="PASS" start="2025-11-02T19:14:07.308438" elapsed="0.885032"/>
</kw>
<kw name="Input Password" owner="SeleniumLibrary">
<msg time="2025-11-02T19:14:08.193470" level="INFO">Typing password into text field 'id:senha'.</msg>
<msg time="2025-11-02T19:14:08.668414" level="INFO">Temporally setting log level to: NONE</msg>
<arg>${LOC_CAMPO_SENHA}</arg>
<arg>${SENHA_PRESTADOR}</arg>
<doc>Types the given password into the text field identified by ``locator``.</doc>
<status status="PASS" start="2025-11-02T19:14:08.193470" elapsed="0.737109"/>
</kw>
<kw name="Capture Page Screenshot" owner="SeleniumLibrary">
<msg time="2025-11-02T19:14:09.298964" level="INFO" html="true">&lt;/td&gt;&lt;/tr&gt;&lt;tr&gt;&lt;td colspan="3"&gt;&lt;a href="Evidencias/visualizar_solicitante/01-dados-login.png"&gt;&lt;img src="Evidencias/visualizar_solicitante/01-dados-login.png" width="800px"&gt;&lt;/a&gt;</msg>
<arg>01-dados-login.png</arg>
<doc>Takes a screenshot of the current page and embeds it into a log file.</doc>
<status status="PASS" start="2025-11-02T19:14:08.930579" elapsed="0.368385"/>
</kw>
<kw name="Click Button" owner="SeleniumLibrary">
<msg time="2025-11-02T19:14:09.299962" level="INFO">Clicking button 'id:btn_login'.</msg>
<arg>${LOC_BTN_LOGIN}</arg>
<doc>Clicks the button identified by ``locator``.</doc>
<status status="PASS" start="2025-11-02T19:14:09.299962" elapsed="1.265990"/>
</kw>
<kw name="Wait Until Location Contains" owner="SeleniumLibrary">
<arg>inicialPrestador</arg>
<arg>timeout=${TIMEOUT_DEFAULT}</arg>
<doc>Waits until the current URL contains ``expected``.</doc>
<status status="PASS" start="2025-11-02T19:14:10.565952" elapsed="0.296137"/>
</kw>
<kw name="Wait Until Element Is Visible" owner="SeleniumLibrary">
<arg>${LOC_LOGO}</arg>
<arg>timeout=${TIMEOUT_DEFAULT}</arg>
<doc>Waits until the element ``locator`` is visible.</doc>
<status status="PASS" start="2025-11-02T19:14:10.862089" elapsed="0.425455"/>
</kw>
<kw name="Capture Page Screenshot" owner="SeleniumLibrary">
<msg time="2025-11-02T19:14:11.601880" level="INFO" html="true">&lt;/td&gt;&lt;/tr&gt;&lt;tr&gt;&lt;td colspan="3"&gt;&lt;a href="Evidencias/visualizar_solicitante/02-login-sucesso.png"&gt;&lt;img src="Evidencias/visualizar_solicitante/02-login-sucesso.png" width="800px"&gt;&lt;/a&gt;</msg>
<arg>02-login-sucesso.png</arg>
<doc>Takes a screenshot of the current page and embeds it into a log file.</doc>
<status status="PASS" start="2025-11-02T19:14:11.287544" elapsed="0.314336"/>
</kw>
<kw name="Log" owner="BuiltIn">
<msg time="2025-11-02T19:14:11.601880" level="INFO">Login realizado com sucesso</msg>
<arg>Login realizado com sucesso</arg>
<arg>INFO</arg>
<doc>Logs the given message with the given level.</doc>
<status status="PASS" start="2025-11-02T19:14:11.601880" elapsed="0.000000"/>
</kw>
<arg>${DIR_VISUALIZAR_SOLICITANTE}</arg>
<doc>Executa o fluxo completo de login do prestador</doc>
<status status="PASS" start="2025-11-02T19:14:06.853364" elapsed="4.748516"/>
</kw>
<kw name="Navegar Para Meus Servicos">
<kw name="Log" owner="BuiltIn">
<msg time="2025-11-02T19:14:11.601880" level="INFO">Navegando para Meus Serviços</msg>
<arg>Navegando para Meus Serviços</arg>
<arg>INFO</arg>
<doc>Logs the given message with the given level.</doc>
<status status="PASS" start="2025-11-02T19:14:11.601880" elapsed="0.000000"/>
</kw>
<kw name="Wait Until Element Is Visible" owner="SeleniumLibrary">
<arg>${LOC_MENU_MEUS_SERVICOS}</arg>
<arg>timeout=${TIMEOUT_DEFAULT}</arg>
<doc>Waits until the element ``locator`` is visible.</doc>
<status status="PASS" start="2025-11-02T19:14:11.601880" elapsed="0.430020"/>
</kw>
<kw name="Capture Page Screenshot" owner="SeleniumLibrary">
<msg time="2025-11-02T19:14:12.332993" level="INFO" html="true">&lt;/td&gt;&lt;/tr&gt;&lt;tr&gt;&lt;td colspan="3"&gt;&lt;a href="Evidencias/visualizar_solicitante/03-menu-visivel.png"&gt;&lt;img src="Evidencias/visualizar_solicitante/03-menu-visivel.png" width="800px"&gt;&lt;/a&gt;</msg>
<arg>03-menu-visivel.png</arg>
<doc>Takes a screenshot of the current page and embeds it into a log file.</doc>
<status status="PASS" start="2025-11-02T19:14:12.031900" elapsed="0.315610"/>
</kw>
<kw name="Scroll Element Into View" owner="SeleniumLibrary">
<arg>${LOC_MENU_MEUS_SERVICOS}</arg>
<doc>Scrolls the element identified by ``locator`` into view.</doc>
<status status="PASS" start="2025-11-02T19:14:12.347510" elapsed="0.703700"/>
</kw>
<kw name="Click Element" owner="SeleniumLibrary">
<msg time="2025-11-02T19:14:13.051210" level="INFO">Clicking element 'xpath://a[@href='../prestador/meusServicos.php' or @href='meusServicos.php' or contains(text(),'Meus Serviços')]'.</msg>
<arg>${LOC_MENU_MEUS_SERVICOS}</arg>
<doc>Click the element identified by ``locator``.</doc>
<status status="PASS" start="2025-11-02T19:14:13.051210" elapsed="0.733708"/>
</kw>
<kw name="Log" owner="BuiltIn">
<msg time="2025-11-02T19:14:13.784918" level="INFO">Clicou em Meus Serviços</msg>
<arg>Clicou em Meus Serviços</arg>
<arg>INFO</arg>
<doc>Logs the given message with the given level.</doc>
<status status="PASS" start="2025-11-02T19:14:13.784918" elapsed="0.004987"/>
</kw>
<kw name="Wait Until Location Contains" owner="SeleniumLibrary">
<arg>meusServicos</arg>
<arg>timeout=${TIMEOUT_DEFAULT}</arg>
<doc>Waits until the current URL contains ``expected``.</doc>
<status status="PASS" start="2025-11-02T19:14:13.789905" elapsed="0.235774"/>
</kw>
<doc>Acessa a página de Meus Serviços através do menu</doc>
<status status="PASS" start="2025-11-02T19:14:11.601880" elapsed="2.423799"/>
</kw>
<kw name="Visualizar Solicitante">
<kw name="Log" owner="BuiltIn">
<msg time="2025-11-02T19:14:14.025679" level="INFO">Visualizando solicitante</msg>
<arg>Visualizando solicitante</arg>
<arg>INFO</arg>
<doc>Logs the given message with the given level.</doc>
<status status="PASS" start="2025-11-02T19:14:14.025679" elapsed="0.000000"/>
</kw>
<kw name="Wait Until Element Is Visible" owner="SeleniumLibrary">
<arg>${LOC_BTN_SOLICITANTE}</arg>
<arg>timeout=${TIMEOUT_DEFAULT}</arg>
<doc>Waits until the element ``locator`` is visible.</doc>
<status status="PASS" start="2025-11-02T19:14:14.025679" elapsed="0.426565"/>
</kw>
<kw name="Capture Page Screenshot" owner="SeleniumLibrary">
<msg time="2025-11-02T19:14:14.825732" level="INFO" html="true">&lt;/td&gt;&lt;/tr&gt;&lt;tr&gt;&lt;td colspan="3"&gt;&lt;a href="Evidencias/visualizar_solicitante/05-botao-solicitante.png"&gt;&lt;img src="Evidencias/visualizar_solicitante/05-botao-solicitante.png" width="800px"&gt;&lt;/a&gt;</msg>
<arg>05-botao-solicitante.png</arg>
<doc>Takes a screenshot of the current page and embeds it into a log file.</doc>
<status status="PASS" start="2025-11-02T19:14:14.452244" elapsed="0.373488"/>
</kw>
<kw name="Scroll Element Into View" owner="SeleniumLibrary">
<arg>${LOC_BTN_SOLICITANTE}</arg>
<doc>Scrolls the element identified by ``locator`` into view.</doc>
<status status="PASS" start="2025-11-02T19:14:14.825732" elapsed="0.680719"/>
</kw>
<kw name="Click Element" owner="SeleniumLibrary">
<msg time="2025-11-02T19:14:15.506451" level="INFO">Clicking element 'css:.botao-prestador-responsavel'.</msg>
<arg>${LOC_BTN_SOLICITANTE}</arg>
<doc>Click the element identified by ``locator``.</doc>
<status status="PASS" start="2025-11-02T19:14:15.506451" elapsed="0.497781"/>
</kw>
<kw name="Sleep" owner="BuiltIn">
<msg time="2025-11-02T19:14:18.004891" level="INFO">Slept 2 seconds.</msg>
<arg>2s</arg>
<doc>Pauses the test executed for the given time.</doc>
<status status="PASS" start="2025-11-02T19:14:16.004748" elapsed="2.000143"/>
</kw>
<kw name="Wait Until Element Is Visible" owner="SeleniumLibrary">
<arg>${LOC_BTN_CONVERSAR}</arg>
<arg>timeout=${TIMEOUT_DEFAULT}</arg>
<doc>Waits until the element ``locator`` is visible.</doc>
<status status="PASS" start="2025-11-02T19:14:18.004891" elapsed="0.433692"/>
</kw>
<kw name="Capture Page Screenshot" owner="SeleniumLibrary">
<msg time="2025-11-02T19:14:18.757721" level="INFO" html="true">&lt;/td&gt;&lt;/tr&gt;&lt;tr&gt;&lt;td colspan="3"&gt;&lt;a href="Evidencias/visualizar_solicitante/06-perfil-solicitante.png"&gt;&lt;img src="Evidencias/visualizar_solicitante/06-perfil-solicitante.png" width="800px"&gt;&lt;/a&gt;</msg>
<arg>06-perfil-solicitante.png</arg>
<doc>Takes a screenshot of the current page and embeds it into a log file.</doc>
<status status="PASS" start="2025-11-02T19:14:18.438583" elapsed="0.319138"/>
</kw>
<kw name="Log" owner="BuiltIn">
<msg time="2025-11-02T19:14:18.761777" level="INFO">Perfil do solicitante exibido</msg>
<arg>Perfil do solicitante exibido</arg>
<arg>INFO</arg>
<doc>Logs the given message with the given level.</doc>
<status status="PASS" start="2025-11-02T19:14:18.759750" elapsed="0.004047"/>
</kw>
<doc>Acessa o perfil do solicitante relacionado ao serviço</doc>
<status status="PASS" start="2025-11-02T19:14:14.025679" elapsed="4.738118"/>
</kw>
<kw name="Validar Visualizacao Do Solicitante">
<kw name="Log" owner="BuiltIn">
<msg time="2025-11-02T19:14:18.768993" level="INFO">Validando visualização do solicitante</msg>
<arg>Validando visualização do solicitante</arg>
<arg>INFO</arg>
<doc>Logs the given message with the given level.</doc>
<status status="PASS" start="2025-11-02T19:14:18.768993" elapsed="0.000000"/>
</kw>
<kw name="Page Should Contain" owner="SeleniumLibrary">
<msg time="2025-11-02T19:14:19.227038" level="INFO">Current page contains text 'Perfil do solicitante'.</msg>
<arg>${TXT_PERFIL_SOLICITANTE}</arg>
<doc>Verifies that current page contains ``text``.</doc>
<status status="PASS" start="2025-11-02T19:14:18.768993" elapsed="0.458045"/>
</kw>
<kw name="Element Should Be Visible" owner="SeleniumLibrary">
<msg time="2025-11-02T19:14:19.645901" level="INFO">Element 'css:.rounded-pill' is displayed.</msg>
<arg>${LOC_BTN_CONVERSAR}</arg>
<doc>Verifies that the element identified by ``locator`` is visible.</doc>
<status status="PASS" start="2025-11-02T19:14:19.227038" elapsed="0.418863"/>
</kw>
<kw name="Capture Page Screenshot" owner="SeleniumLibrary">
<msg time="2025-11-02T19:14:19.961770" level="INFO" html="true">&lt;/td&gt;&lt;/tr&gt;&lt;tr&gt;&lt;td colspan="3"&gt;&lt;a href="Evidencias/visualizar_solicitante/validacao-solicitante.png"&gt;&lt;img src="Evidencias/visualizar_solicitante/validacao-solicitante.png" width="800px"&gt;&lt;/a&gt;</msg>
<arg>validacao-solicitante.png</arg>
<doc>Takes a screenshot of the current page and embeds it into a log file.</doc>
<status status="PASS" start="2025-11-02T19:14:19.645901" elapsed="0.315869"/>
</kw>
<kw name="Log" owner="BuiltIn">
<msg time="2025-11-02T19:14:19.961770" level="INFO">Validação concluída: Perfil do solicitante OK</msg>
<arg>Validação concluída: Perfil do solicitante OK</arg>
<arg>INFO</arg>
<doc>Logs the given message with the given level.</doc>
<status status="PASS" start="2025-11-02T19:14:19.961770" elapsed="0.000000"/>
</kw>
<doc>Verifica se o perfil do solicitante foi carregado</doc>
<status status="PASS" start="2025-11-02T19:14:18.766971" elapsed="1.194799"/>
</kw>
<kw name="Log" owner="BuiltIn">
<msg time="2025-11-02T19:14:19.961770" level="INFO">CT02 concluído com sucesso</msg>
<arg>CT02 concluído com sucesso</arg>
<arg>INFO</arg>
<doc>Logs the given message with the given level.</doc>
<status status="PASS" start="2025-11-02T19:14:19.961770" elapsed="0.000000"/>
</kw>
<kw name="Fechar Browser" type="TEARDOWN">
<kw name="Log" owner="BuiltIn">
<msg time="2025-11-02T19:14:19.961770" level="INFO">Fechando browser e capturando evidência final</msg>
<arg>Fechando browser e capturando evidência final</arg>
<arg>INFO</arg>
<doc>Logs the given message with the given level.</doc>
<status status="PASS" start="2025-11-02T19:14:19.961770" elapsed="0.000000"/>
</kw>
<kw name="Run Keyword And Return Status" owner="BuiltIn">
<kw name="Capture Page Screenshot" owner="SeleniumLibrary">
<msg time="2025-11-02T19:14:20.305923" level="INFO" html="true">&lt;/td&gt;&lt;/tr&gt;&lt;tr&gt;&lt;td colspan="3"&gt;&lt;a href="Evidencias/visualizar_solicitante/final.png"&gt;&lt;img src="Evidencias/visualizar_solicitante/final.png" width="800px"&gt;&lt;/a&gt;</msg>
<arg>final.png</arg>
<doc>Takes a screenshot of the current page and embeds it into a log file.</doc>
<status status="PASS" start="2025-11-02T19:14:19.961770" elapsed="0.348112"/>
</kw>
<msg time="2025-11-02T19:14:20.309882" level="INFO">${status} = True</msg>
<var>${status}</var>
<arg>Capture Page Screenshot</arg>
<arg>final.png</arg>
<doc>Runs the given keyword with given arguments and returns the status as a Boolean value.</doc>
<status status="PASS" start="2025-11-02T19:14:19.961770" elapsed="0.348112"/>
</kw>
<kw name="Close Browser" owner="SeleniumLibrary">
<doc>Closes the current browser.</doc>
<status status="PASS" start="2025-11-02T19:14:20.309882" elapsed="3.801035"/>
</kw>
<doc>Captura evidência final e fecha o browser</doc>
<status status="PASS" start="2025-11-02T19:14:19.961770" elapsed="4.149147"/>
</kw>
<doc>Valida a visualização do perfil do solicitante relacionado ao serviço</doc>
<tag>solicitante</tag>
<tag>visualizacao</tag>
<status status="PASS" start="2025-11-02T19:14:00.041975" elapsed="24.068942"/>
</test>
<doc>Testes automatizados para o sistema ChamuZé - Módulo Prestador de Serviços
Cenários: Visualização/Aceitação de serviços, Visualização de solicitante e Envio de proposta</doc>
<status status="PASS" start="2025-11-02T19:13:59.536135" elapsed="24.574782"/>
</suite>
<statistics>
<total>
<stat pass="1" fail="0" skip="0">All Tests</stat>
</total>
<tag>
<stat pass="1" fail="0" skip="0">solicitante</stat>
<stat pass="1" fail="0" skip="0">visualizacao</stat>
</tag>
<suite>
<stat name="ServicosView" id="s1" pass="1" fail="0" skip="0">ServicosView</stat>
</suite>
</statistics>
<errors>
</errors>
</robot>
