<?xml version="1.0" encoding="UTF-8"?>
<robot generator="Robot 7.3.2 (Python 3.12.2 on win32)" generated="2025-11-02T17:13:57.674594" rpa="false" schemaversion="5">
<suite id="s1" name="Teste" source="c:\Users\marci\OneDrive\Área de Trabalho\Leonardo\teste.robot">
<test id="s1-t1" name="CT1 - Cadastro Com Cpf Invalido" line="89">
<kw name="Iniciar Browser" type="SETUP">
<kw name="Open Browser" owner="SeleniumLibrary">
<msg time="2025-11-02T17:13:58.307279" level="INFO">Opening browser 'Chrome' to base url 'http://localhost/ChamuZe/PROJETO/cadastro.php?tipo_perfil=solicitante'.</msg>
<arg>${PAG_CAD_SOLICITANTE}</arg>
<arg>${BROWSER}</arg>
<doc>Opens a new browser instance to the optional ``url``.</doc>
<status status="PASS" start="2025-11-02T17:13:58.307279" elapsed="3.203202"/>
</kw>
<kw name="Maximize Browser Window" owner="SeleniumLibrary">
<doc>Maximizes current browser window.</doc>
<status status="PASS" start="2025-11-02T17:14:01.513602" elapsed="0.178310"/>
</kw>
<status status="PASS" start="2025-11-02T17:13:58.303908" elapsed="3.389021"/>
</kw>
<kw name="Inserir Dados Cadastrais">
<kw name="Wait Until Page Contains Element" owner="SeleniumLibrary">
<arg>${CAMPO_EMAIL}</arg>
<doc>Waits until the element ``locator`` appears on the current page.</doc>
<status status="PASS" start="2025-11-02T17:14:01.698477" elapsed="0.069786"/>
</kw>
<kw name="Input Text" owner="SeleniumLibrary">
<msg time="2025-11-02T17:14:01.771348" level="INFO">Typing text 'robot@teste.com' into text field 'name:email'.</msg>
<arg>${CAMPO_EMAIL}</arg>
<arg>${EMAIL}</arg>
<doc>Types the given ``text`` into the text field identified by ``locator``.</doc>
<status status="PASS" start="2025-11-02T17:14:01.770236" elapsed="0.311836"/>
</kw>
<kw name="Capture Page Screenshot" owner="SeleniumLibrary">
<msg time="2025-11-02T17:14:02.317093" level="INFO" html="true">&lt;/td&gt;&lt;/tr&gt;&lt;tr&gt;&lt;td colspan="3"&gt;&lt;a href="selenium-screenshot-1.png"&gt;&lt;img src="selenium-screenshot-1.png" width="800px"&gt;&lt;/a&gt;</msg>
<doc>Takes a screenshot of the current page and embeds it into a log file.</doc>
<status status="PASS" start="2025-11-02T17:14:02.083087" elapsed="0.235029"/>
</kw>
<kw name="Input Text" owner="SeleniumLibrary">
<msg time="2025-11-02T17:14:02.320117" level="INFO">Typing text 'Rafael Augusto' into text field 'name:nome'.</msg>
<arg>${CAMPO_NOME}</arg>
<arg>${NOME}</arg>
<doc>Types the given ``text`` into the text field identified by ``locator``.</doc>
<status status="PASS" start="2025-11-02T17:14:02.319114" elapsed="0.341069"/>
</kw>
<kw name="Capture Page Screenshot" owner="SeleniumLibrary">
<msg time="2025-11-02T17:14:02.960980" level="INFO" html="true">&lt;/td&gt;&lt;/tr&gt;&lt;tr&gt;&lt;td colspan="3"&gt;&lt;a href="selenium-screenshot-2.png"&gt;&lt;img src="selenium-screenshot-2.png" width="800px"&gt;&lt;/a&gt;</msg>
<doc>Takes a screenshot of the current page and embeds it into a log file.</doc>
<status status="PASS" start="2025-11-02T17:14:02.661184" elapsed="0.300934"/>
</kw>
<kw name="Input Text" owner="SeleniumLibrary">
<msg time="2025-11-02T17:14:02.967183" level="INFO">Typing text 'de Oliveira Souza' into text field 'name:snome'.</msg>
<arg>${CAMPO_SOBRENOME}</arg>
<arg>${SOBRENOME}</arg>
<doc>Types the given ``text`` into the text field identified by ``locator``.</doc>
<status status="PASS" start="2025-11-02T17:14:02.966171" elapsed="0.291436"/>
</kw>
<kw name="Capture Page Screenshot" owner="SeleniumLibrary">
<msg time="2025-11-02T17:14:03.522413" level="INFO" html="true">&lt;/td&gt;&lt;/tr&gt;&lt;tr&gt;&lt;td colspan="3"&gt;&lt;a href="selenium-screenshot-3.png"&gt;&lt;img src="selenium-screenshot-3.png" width="800px"&gt;&lt;/a&gt;</msg>
<doc>Takes a screenshot of the current page and embeds it into a log file.</doc>
<status status="PASS" start="2025-11-02T17:14:03.258903" elapsed="0.264511"/>
</kw>
<kw name="Input Text" owner="SeleniumLibrary">
<msg time="2025-11-02T17:14:03.524412" level="INFO">Typing text '13112006' into text field 'name:datanasc'.</msg>
<arg>${CAMPO_DATA_NASC}</arg>
<arg>${DATA_NASC}</arg>
<doc>Types the given ``text`` into the text field identified by ``locator``.</doc>
<status status="PASS" start="2025-11-02T17:14:03.524412" elapsed="0.190695"/>
</kw>
<kw name="Capture Page Screenshot" owner="SeleniumLibrary">
<msg time="2025-11-02T17:14:04.003202" level="INFO" html="true">&lt;/td&gt;&lt;/tr&gt;&lt;tr&gt;&lt;td colspan="3"&gt;&lt;a href="selenium-screenshot-4.png"&gt;&lt;img src="selenium-screenshot-4.png" width="800px"&gt;&lt;/a&gt;</msg>
<doc>Takes a screenshot of the current page and embeds it into a log file.</doc>
<status status="PASS" start="2025-11-02T17:14:03.715107" elapsed="0.290442"/>
</kw>
<kw name="Input Text" owner="SeleniumLibrary">
<msg time="2025-11-02T17:14:04.007070" level="INFO">Typing text '111111' into text field 'name:cpf'.</msg>
<arg>${CAMPO_CPF}</arg>
<arg>${CPF_ENTRADA}</arg>
<doc>Types the given ``text`` into the text field identified by ``locator``.</doc>
<status status="PASS" start="2025-11-02T17:14:04.006060" elapsed="0.508102"/>
</kw>
<kw name="Capture Page Screenshot" owner="SeleniumLibrary">
<msg time="2025-11-02T17:14:04.780983" level="INFO" html="true">&lt;/td&gt;&lt;/tr&gt;&lt;tr&gt;&lt;td colspan="3"&gt;&lt;a href="selenium-screenshot-5.png"&gt;&lt;img src="selenium-screenshot-5.png" width="800px"&gt;&lt;/a&gt;</msg>
<doc>Takes a screenshot of the current page and embeds it into a log file.</doc>
<status status="PASS" start="2025-11-02T17:14:04.514162" elapsed="0.267823"/>
</kw>
<kw name="Input Text" owner="SeleniumLibrary">
<msg time="2025-11-02T17:14:04.784415" level="INFO">Typing text '47986678998' into text field 'name:telefone'.</msg>
<arg>${CAMPO_TEL}</arg>
<arg>${TELEFONE}</arg>
<doc>Types the given ``text`` into the text field identified by ``locator``.</doc>
<status status="PASS" start="2025-11-02T17:14:04.782984" elapsed="0.303351"/>
</kw>
<kw name="Capture Page Screenshot" owner="SeleniumLibrary">
<msg time="2025-11-02T17:14:05.327027" level="INFO" html="true">&lt;/td&gt;&lt;/tr&gt;&lt;tr&gt;&lt;td colspan="3"&gt;&lt;a href="selenium-screenshot-6.png"&gt;&lt;img src="selenium-screenshot-6.png" width="800px"&gt;&lt;/a&gt;</msg>
<doc>Takes a screenshot of the current page and embeds it into a log file.</doc>
<status status="PASS" start="2025-11-02T17:14:05.086335" elapsed="0.241700"/>
</kw>
<kw name="Select From List By Value" owner="SeleniumLibrary">
<msg time="2025-11-02T17:14:05.330129" level="INFO">Selecting options from selection list 'name:genero' by value 2.</msg>
<arg>${CAMPO_GENERO}</arg>
<arg>${GENERO}</arg>
<doc>Selects options from selection list ``locator`` by ``values``.</doc>
<status status="PASS" start="2025-11-02T17:14:05.329144" elapsed="0.219016"/>
</kw>
<kw name="Capture Page Screenshot" owner="SeleniumLibrary">
<msg time="2025-11-02T17:14:05.771067" level="INFO" html="true">&lt;/td&gt;&lt;/tr&gt;&lt;tr&gt;&lt;td colspan="3"&gt;&lt;a href="selenium-screenshot-7.png"&gt;&lt;img src="selenium-screenshot-7.png" width="800px"&gt;&lt;/a&gt;</msg>
<doc>Takes a screenshot of the current page and embeds it into a log file.</doc>
<status status="PASS" start="2025-11-02T17:14:05.549175" elapsed="0.221892"/>
</kw>
<kw name="Input Text" owner="SeleniumLibrary">
<msg time="2025-11-02T17:14:05.773160" level="INFO">Typing text 'a2rvhT66-P9' into text field 'name:senha'.</msg>
<arg>${CAMPO_SENHA}</arg>
<arg>${SENHA}</arg>
<doc>Types the given ``text`` into the text field identified by ``locator``.</doc>
<status status="PASS" start="2025-11-02T17:14:05.772121" elapsed="0.315042"/>
</kw>
<kw name="Capture Page Screenshot" owner="SeleniumLibrary">
<msg time="2025-11-02T17:14:06.340037" level="INFO" html="true">&lt;/td&gt;&lt;/tr&gt;&lt;tr&gt;&lt;td colspan="3"&gt;&lt;a href="selenium-screenshot-8.png"&gt;&lt;img src="selenium-screenshot-8.png" width="800px"&gt;&lt;/a&gt;</msg>
<doc>Takes a screenshot of the current page and embeds it into a log file.</doc>
<status status="PASS" start="2025-11-02T17:14:06.088177" elapsed="0.252862"/>
</kw>
<kw name="Input Text" owner="SeleniumLibrary">
<msg time="2025-11-02T17:14:06.342075" level="INFO">Typing text 'a2rvhT66-P9' into text field 'name:senhaConfirmada'.</msg>
<arg>${CAMPO_SENHAC}</arg>
<arg>${SENHA}</arg>
<doc>Types the given ``text`` into the text field identified by ``locator``.</doc>
<status status="PASS" start="2025-11-02T17:14:06.342075" elapsed="0.294518"/>
</kw>
<kw name="Capture Page Screenshot" owner="SeleniumLibrary">
<msg time="2025-11-02T17:14:07.086088" level="INFO" html="true">&lt;/td&gt;&lt;/tr&gt;&lt;tr&gt;&lt;td colspan="3"&gt;&lt;a href="selenium-screenshot-9.png"&gt;&lt;img src="selenium-screenshot-9.png" width="800px"&gt;&lt;/a&gt;</msg>
<doc>Takes a screenshot of the current page and embeds it into a log file.</doc>
<status status="PASS" start="2025-11-02T17:14:06.637594" elapsed="0.450083"/>
</kw>
<kw name="Input Text" owner="SeleniumLibrary">
<msg time="2025-11-02T17:14:07.091263" level="INFO">Typing text '83883280' into text field 'name:cep'.</msg>
<arg>${CAMPO_CEP}</arg>
<arg>${CEP}</arg>
<doc>Types the given ``text`` into the text field identified by ``locator``.</doc>
<status status="PASS" start="2025-11-02T17:14:07.089000" elapsed="0.511531"/>
</kw>
<kw name="Capture Page Screenshot" owner="SeleniumLibrary">
<msg time="2025-11-02T17:14:07.898242" level="INFO" html="true">&lt;/td&gt;&lt;/tr&gt;&lt;tr&gt;&lt;td colspan="3"&gt;&lt;a href="selenium-screenshot-10.png"&gt;&lt;img src="selenium-screenshot-10.png" width="800px"&gt;&lt;/a&gt;</msg>
<doc>Takes a screenshot of the current page and embeds it into a log file.</doc>
<status status="PASS" start="2025-11-02T17:14:07.601970" elapsed="0.297302"/>
</kw>
<kw name="Input Text" owner="SeleniumLibrary">
<msg time="2025-11-02T17:14:07.902453" level="INFO">Typing text '189' into text field 'name:numero_casa'.</msg>
<arg>${CAMPO_NUMERO}</arg>
<arg>${NUMERO_CASA}</arg>
<doc>Types the given ``text`` into the text field identified by ``locator``.</doc>
<status status="PASS" start="2025-11-02T17:14:07.900361" elapsed="0.465745"/>
</kw>
<kw name="Capture Page Screenshot" owner="SeleniumLibrary">
<msg time="2025-11-02T17:14:08.668397" level="INFO" html="true">&lt;/td&gt;&lt;/tr&gt;&lt;tr&gt;&lt;td colspan="3"&gt;&lt;a href="selenium-screenshot-11.png"&gt;&lt;img src="selenium-screenshot-11.png" width="800px"&gt;&lt;/a&gt;</msg>
<doc>Takes a screenshot of the current page and embeds it into a log file.</doc>
<status status="PASS" start="2025-11-02T17:14:08.366106" elapsed="0.303302"/>
</kw>
<kw name="Press Keys" owner="SeleniumLibrary">
<msg time="2025-11-02T17:14:08.672464" level="INFO">Sending key(s) ('RETURN',) to name:btn_enviar element.</msg>
<msg time="2025-11-02T17:14:09.248962" level="INFO">Pressing special key RETURN to element.</msg>
<msg time="2025-11-02T17:14:09.249962" level="INFO">Releasing special key RETURN.</msg>
<arg>${ENVIAR}</arg>
<arg>RETURN</arg>
<doc>Simulates the user pressing key(s) to an element or on the active browser.</doc>
<status status="PASS" start="2025-11-02T17:14:08.669408" elapsed="0.630208"/>
</kw>
<kw name="Wait Until Page Contains Element" owner="SeleniumLibrary">
<arg>${SELECTOR_FINAL}</arg>
<arg>timeout=10</arg>
<doc>Waits until the element ``locator`` appears on the current page.</doc>
<status status="PASS" start="2025-11-02T17:14:09.300606" elapsed="0.058849"/>
</kw>
<kw name="Capture Page Screenshot" owner="SeleniumLibrary">
<msg time="2025-11-02T17:14:10.047226" level="INFO" html="true">&lt;/td&gt;&lt;/tr&gt;&lt;tr&gt;&lt;td colspan="3"&gt;&lt;a href="selenium-screenshot-12.png"&gt;&lt;img src="selenium-screenshot-12.png" width="800px"&gt;&lt;/a&gt;</msg>
<doc>Takes a screenshot of the current page and embeds it into a log file.</doc>
<status status="PASS" start="2025-11-02T17:14:09.360529" elapsed="0.687740"/>
</kw>
<arg>${CPF_INVALIDO}</arg>
<arg>${SELECTOR_FINAL_CPF_INVALIDO}</arg>
<status status="PASS" start="2025-11-02T17:14:01.694929" elapsed="8.353340"/>
</kw>
<kw name="Verificar Resultado">
<kw name="Page Should Contain" owner="SeleniumLibrary">
<msg time="2025-11-02T17:14:10.105866" level="INFO">Current page contains text 'Por favor, digite um CPF válido com 11 dígitos.'.</msg>
<arg>${RESULTADO_ESPERADO}</arg>
<doc>Verifies that current page contains ``text``.</doc>
<status status="PASS" start="2025-11-02T17:14:10.052230" elapsed="0.053636"/>
</kw>
<kw name="Capture Page Screenshot" owner="SeleniumLibrary">
<msg time="2025-11-02T17:14:10.513091" level="INFO" html="true">&lt;/td&gt;&lt;/tr&gt;&lt;tr&gt;&lt;td colspan="3"&gt;&lt;a href="selenium-screenshot-13.png"&gt;&lt;img src="selenium-screenshot-13.png" width="800px"&gt;&lt;/a&gt;</msg>
<doc>Takes a screenshot of the current page and embeds it into a log file.</doc>
<status status="PASS" start="2025-11-02T17:14:10.107077" elapsed="0.411147"/>
</kw>
<arg>${RESULTADO_CPF_INVALIDO}</arg>
<status status="PASS" start="2025-11-02T17:14:10.050226" elapsed="0.471048"/>
</kw>
<kw name="Fechar Browser" type="TEARDOWN">
<kw name="Close Browser" owner="SeleniumLibrary">
<doc>Closes the current browser.</doc>
<status status="PASS" start="2025-11-02T17:14:10.527800" elapsed="2.437005"/>
</kw>
<status status="PASS" start="2025-11-02T17:14:10.525275" elapsed="2.439530"/>
</kw>
<status status="PASS" start="2025-11-02T17:13:58.303350" elapsed="14.664668"/>
</test>
<doc>Testes para o cadastro de solicitante envolvendo o CPF</doc>
<status status="PASS" start="2025-11-02T17:13:57.692060" elapsed="15.283265"/>
</suite>
<statistics>
<total>
<stat pass="1" fail="0" skip="0">All Tests</stat>
</total>
<tag>
</tag>
<suite>
<stat name="Teste" id="s1" pass="1" fail="0" skip="0">Teste</stat>
</suite>
</statistics>
<errors>
</errors>
</robot>
